<?xml version="1.0" encoding="UTF-8"?>
<coverage generated="1625876749757" clover="3.2.0">
  <project timestamp="1625876749757" name="All files">
    <metrics statements="5" coveredstatements="5" conditionals="5" coveredconditionals="4" methods="1" coveredmethods="1" elements="11" coveredelements="10" complexity="0" loc="5" ncloc="5" packages="1" files="1" classes="1"/>
    <file name="shorText.js" path="D:\short-text\src\shorText.js">
      <metrics statements="5" coveredstatements="5" conditionals="5" coveredconditionals="4" methods="1" coveredmethods="1"/>
      <line num="9" count="1" type="cond" truecount="2" falsecount="1"/>
      <line num="10" count="3" type="cond" truecount="2" falsecount="0"/>
      <line num="11" count="2" type="stmt"/>
      <line num="13" count="1" type="stmt"/>
      <line num="15" count="1" type="stmt"/>
    </file>
  </project>
</coverage>
