{"D:\\short-text\\dist\\shorText.js": {"path":"D:\\short-text\\dist\\shorText.js","statementMap":{"0":{"start":{"line":10,"column":15},"end":{"line":20,"column":1}},"1":{"start":{"line":11,"column":12},"end":{"line":11,"column":82}},"2":{"start":{"line":12,"column":14},"end":{"line":12,"column":85}},"3":{"start":{"line":13,"column":12},"end":{"line":13,"column":82}},"4":{"start":{"line":15,"column":2},"end":{"line":17,"column":3}},"5":{"start":{"line":16,"column":4},"end":{"line":16,"column":38}},"6":{"start":{"line":19,"column":2},"end":{"line":19,"column":13}},"7":{"start":{"line":22,"column":0},"end":{"line":22,"column":26}}},"fnMap":{"0":{"name":"shorText","decl":{"start":{"line":10,"column":24},"end":{"line":10,"column":32}},"loc":{"start":{"line":10,"column":35},"end":{"line":20,"column":1}},"line":10}},"branchMap":{"0":{"loc":{"start":{"line":11,"column":12},"end":{"line":11,"column":82}},"type":"cond-expr","locations":[{"start":{"line":11,"column":65},"end":{"line":11,"column":77}},{"start":{"line":11,"column":80},"end":{"line":11,"column":82}}],"line":11},"1":{"loc":{"start":{"line":11,"column":12},"end":{"line":11,"column":62}},"type":"binary-expr","locations":[{"start":{"line":11,"column":12},"end":{"line":11,"column":32}},{"start":{"line":11,"column":36},"end":{"line":11,"column":62}}],"line":11},"2":{"loc":{"start":{"line":12,"column":14},"end":{"line":12,"column":85}},"type":"cond-expr","locations":[{"start":{"line":12,"column":67},"end":{"line":12,"column":79}},{"start":{"line":12,"column":82},"end":{"line":12,"column":85}}],"line":12},"3":{"loc":{"start":{"line":12,"column":14},"end":{"line":12,"column":64}},"type":"binary-expr","locations":[{"start":{"line":12,"column":14},"end":{"line":12,"column":34}},{"start":{"line":12,"column":38},"end":{"line":12,"column":64}}],"line":12},"4":{"loc":{"start":{"line":13,"column":12},"end":{"line":13,"column":82}},"type":"cond-expr","locations":[{"start":{"line":13,"column":65},"end":{"line":13,"column":77}},{"start":{"line":13,"column":80},"end":{"line":13,"column":82}}],"line":13},"5":{"loc":{"start":{"line":13,"column":12},"end":{"line":13,"column":62}},"type":"binary-expr","locations":[{"start":{"line":13,"column":12},"end":{"line":13,"column":32}},{"start":{"line":13,"column":36},"end":{"line":13,"column":62}}],"line":13},"6":{"loc":{"start":{"line":15,"column":2},"end":{"line":17,"column":3}},"type":"if","locations":[{"start":{"line":15,"column":2},"end":{"line":17,"column":3}},{"start":{"line":15,"column":2},"end":{"line":17,"column":3}}],"line":15}},"s":{"0":1,"1":3,"2":3,"3":3,"4":3,"5":2,"6":1,"7":1},"f":{"0":3},"b":{"0":[3,0],"1":[3,3],"2":[2,1],"3":[3,2],"4":[1,2],"5":[3,1],"6":[2,1]},"_coverageSchema":"1a1c01bbd47fc00a2c39e90264f33305004495a9","hash":"2c111c286e233c3de9bb84abc535f79416211f8a"}
,"D:\\short-text\\src\\shorText.js": {"path":"D:\\short-text\\src\\shorText.js","statementMap":{"0":{"start":{"line":9,"column":17},"end":{"line":14,"column":1}},"1":{"start":{"line":10,"column":2},"end":{"line":12,"column":3}},"2":{"start":{"line":11,"column":4},"end":{"line":11,"column":38}},"3":{"start":{"line":13,"column":2},"end":{"line":13,"column":13}},"4":{"start":{"line":15,"column":0},"end":{"line":15,"column":26}}},"fnMap":{"0":{"name":"(anonymous_0)","decl":{"start":{"line":9,"column":17},"end":{"line":9,"column":18}},"loc":{"start":{"line":9,"column":54},"end":{"line":14,"column":1}},"line":9}},"branchMap":{"0":{"loc":{"start":{"line":9,"column":18},"end":{"line":9,"column":26}},"type":"default-arg","locations":[{"start":{"line":9,"column":24},"end":{"line":9,"column":26}}],"line":9},"1":{"loc":{"start":{"line":9,"column":28},"end":{"line":9,"column":39}},"type":"default-arg","locations":[{"start":{"line":9,"column":36},"end":{"line":9,"column":39}}],"line":9},"2":{"loc":{"start":{"line":9,"column":41},"end":{"line":9,"column":49}},"type":"default-arg","locations":[{"start":{"line":9,"column":47},"end":{"line":9,"column":49}}],"line":9},"3":{"loc":{"start":{"line":10,"column":2},"end":{"line":12,"column":3}},"type":"if","locations":[{"start":{"line":10,"column":2},"end":{"line":12,"column":3}},{"start":{"line":10,"column":2},"end":{"line":12,"column":3}}],"line":10}},"s":{"0":1,"1":3,"2":2,"3":1,"4":1},"f":{"0":3},"b":{"0":[0],"1":[1],"2":[2],"3":[2,1]},"_coverageSchema":"1a1c01bbd47fc00a2c39e90264f33305004495a9","hash":"f83457cffe58ffb483a823f132196fd55b03785d"}
}
