TN:
SF:dist\shorText.js
FN:10,shorText
FNF:1
FNH:1
FNDA:3,shorText
DA:10,1
DA:11,3
DA:12,3
DA:13,3
DA:15,3
DA:16,2
DA:19,1
DA:22,1
LF:8
LH:8
BRDA:11,0,0,3
BRDA:11,0,1,0
BRDA:11,1,0,3
BRDA:11,1,1,3
BRDA:12,2,0,2
BRDA:12,2,1,1
BRDA:12,3,0,3
BRDA:12,3,1,2
BRDA:13,4,0,1
BRDA:13,4,1,2
BRDA:13,5,0,3
BRDA:13,5,1,1
BRDA:15,6,0,2
BRDA:15,6,1,1
BRF:14
BRH:13
end_of_record
TN:
SF:src\shorText.js
FN:9,(anonymous_0)
FNF:1
FNH:1
FNDA:3,(anonymous_0)
DA:9,1
DA:10,3
DA:11,2
DA:13,1
DA:15,1
LF:5
LH:5
BRDA:9,0,0,0
BRDA:9,1,0,1
BRDA:9,2,0,2
BRDA:10,3,0,2
BRDA:10,3,1,1
BRF:5
BRH:4
end_of_record
